

Microchip MPLAB XC8 Assembler V2.40 build 20220703182018 
                                                                                               Mon Aug 28 11:19:49 2023

Microchip MPLAB XC8 C Compiler v2.40 (Free license) build 20220703182018 Og1 
     1                           	processor	16F887
     2                           	pagewidth 120
     3                           	opt	flic
     4                           	psect	nvBANK0,global,class=BANK0,space=1,delta=1,noexec
     5                           	psect	cinit,global,class=CODE,merge=1,delta=2
     6                           	psect	bssCOMMON,global,class=COMMON,space=1,delta=1,noexec
     7                           	psect	bssBANK0,global,class=BANK0,space=1,delta=1,noexec
     8                           	psect	cstackCOMMON,global,class=COMMON,space=1,delta=1,noexec
     9                           	psect	cstackBANK0,global,class=BANK0,space=1,delta=1,noexec
    10                           	psect	maintext,global,class=CODE,split=1,delta=2
    11                           	psect	text1,local,class=CODE,merge=1,delta=2
    12                           	psect	text2,local,class=CODE,merge=1,delta=2
    13                           	psect	text3,local,class=CODE,merge=1,delta=2
    14                           	psect	text4,local,class=CODE,merge=1,delta=2
    15                           	psect	text5,local,class=CODE,merge=1,delta=2,group=1
    16                           	psect	text6,local,class=CODE,merge=1,delta=2
    17                           	psect	intentry,global,class=CODE,delta=2
    18                           	psect	idloc,global,abs,ovrld,class=IDLOC,space=5,delta=2,noexec
    19                           	psect	config,global,abs,ovrld,class=CONFIG,space=4,delta=2,noexec
    20                           	dabs	1,0x7E,2
    21     0000                     
    22                           ; Version 2.40
    23                           ; Generated 17/11/2021 GMT
    24                           ; 
    25                           ; Copyright © 2021, Microchip Technology Inc. and its subsidiaries ("Microchip")
    26                           ; All rights reserved.
    27                           ; 
    28                           ; This software is developed by Microchip Technology Inc. and its subsidiaries ("Microch
      +                          ip").
    29                           ; 
    30                           ; Redistribution and use in source and binary forms, with or without modification, are
    31                           ; permitted provided that the following conditions are met:
    32                           ; 
    33                           ;     1. Redistributions of source code must retain the above copyright notice, this lis
      +                          t of
    34                           ;        conditions and the following disclaimer.
    35                           ; 
    36                           ;     2. Redistributions in binary form must reproduce the above copyright notice, this 
      +                          list
    37                           ;        of conditions and the following disclaimer in the documentation and/or other
    38                           ;        materials provided with the distribution. Publication is not required when
    39                           ;        this file is used in an embedded application.
    40                           ; 
    41                           ;     3. Microchip's name may not be used to endorse or promote products derived from th
      +                          is
    42                           ;        software without specific prior written permission.
    43                           ; 
    44                           ; THIS SOFTWARE IS PROVIDED BY MICROCHIP "AS IS" AND ANY EXPRESS OR IMPLIED WARRANTIES,
    45                           ; INCLUDING, BUT NOT LIMITED TO, THE IMPLIED WARRANTIES OF MERCHANTABILITY AND FITNESS F
      +                          OR
    46                           ; PURPOSE ARE DISCLAIMED.  IN NO EVENT SHALL MICROCHIP BE LIABLE FOR ANY DIRECT, INDIREC
      +                          T,
    47                           ; INCIDENTAL, SPECIAL, EXEMPLARY, OR CONSEQUENTIAL DAMAGES (INCLUDING BUT NOT LIMITED TO
    48                           ; PROCUREMENT OF SUBSTITUTE GOODS OR SERVICES; LOSS OF USE, DATA OR PROFITS; OR BUSINESS
    49                           ; INTERRUPTION) HOWSOEVER CAUSED AND ON ANY THEORY OF LIABILITY, WHETHER IN CONTRACT, ST
      +                          RICT
    50                           ; LIABILITY, OR TORT (INCLUDING NEGLIGENCE OR OTHERWISE) ARISING IN ANY WAY OUT OF THE U
      +                          SE OF
    51                           ; THIS SOFTWARE, EVEN IF ADVISED OF THE POSSIBILITY OF SUCH DAMAGE.
    52                           ; 
    53                           ; 
    54                           ; Code-generator required, PIC16F887 Definitions
    55                           ; 
    56                           ; SFR Addresses
    57     0000                     	;# 
    58     0001                     	;# 
    59     0002                     	;# 
    60     0003                     	;# 
    61     0004                     	;# 
    62     0005                     	;# 
    63     0006                     	;# 
    64     0007                     	;# 
    65     0008                     	;# 
    66     0009                     	;# 
    67     000A                     	;# 
    68     000B                     	;# 
    69     000C                     	;# 
    70     000D                     	;# 
    71     000E                     	;# 
    72     000E                     	;# 
    73     000F                     	;# 
    74     0010                     	;# 
    75     0011                     	;# 
    76     0012                     	;# 
    77     0013                     	;# 
    78     0014                     	;# 
    79     0015                     	;# 
    80     0015                     	;# 
    81     0016                     	;# 
    82     0017                     	;# 
    83     0018                     	;# 
    84     0019                     	;# 
    85     001A                     	;# 
    86     001B                     	;# 
    87     001B                     	;# 
    88     001C                     	;# 
    89     001D                     	;# 
    90     001E                     	;# 
    91     001F                     	;# 
    92     0081                     	;# 
    93     0085                     	;# 
    94     0086                     	;# 
    95     0087                     	;# 
    96     0088                     	;# 
    97     0089                     	;# 
    98     008C                     	;# 
    99     008D                     	;# 
   100     008E                     	;# 
   101     008F                     	;# 
   102     0090                     	;# 
   103     0091                     	;# 
   104     0092                     	;# 
   105     0093                     	;# 
   106     0093                     	;# 
   107     0093                     	;# 
   108     0094                     	;# 
   109     0095                     	;# 
   110     0096                     	;# 
   111     0097                     	;# 
   112     0098                     	;# 
   113     0099                     	;# 
   114     009A                     	;# 
   115     009B                     	;# 
   116     009C                     	;# 
   117     009D                     	;# 
   118     009E                     	;# 
   119     009F                     	;# 
   120     0105                     	;# 
   121     0107                     	;# 
   122     0108                     	;# 
   123     0109                     	;# 
   124     010C                     	;# 
   125     010C                     	;# 
   126     010D                     	;# 
   127     010E                     	;# 
   128     010F                     	;# 
   129     0185                     	;# 
   130     0187                     	;# 
   131     0188                     	;# 
   132     0189                     	;# 
   133     018C                     	;# 
   134     018D                     	;# 
   135     0000                     	;# 
   136     0001                     	;# 
   137     0002                     	;# 
   138     0003                     	;# 
   139     0004                     	;# 
   140     0005                     	;# 
   141     0006                     	;# 
   142     0007                     	;# 
   143     0008                     	;# 
   144     0009                     	;# 
   145     000A                     	;# 
   146     000B                     	;# 
   147     000C                     	;# 
   148     000D                     	;# 
   149     000E                     	;# 
   150     000E                     	;# 
   151     000F                     	;# 
   152     0010                     	;# 
   153     0011                     	;# 
   154     0012                     	;# 
   155     0013                     	;# 
   156     0014                     	;# 
   157     0015                     	;# 
   158     0015                     	;# 
   159     0016                     	;# 
   160     0017                     	;# 
   161     0018                     	;# 
   162     0019                     	;# 
   163     001A                     	;# 
   164     001B                     	;# 
   165     001B                     	;# 
   166     001C                     	;# 
   167     001D                     	;# 
   168     001E                     	;# 
   169     001F                     	;# 
   170     0081                     	;# 
   171     0085                     	;# 
   172     0086                     	;# 
   173     0087                     	;# 
   174     0088                     	;# 
   175     0089                     	;# 
   176     008C                     	;# 
   177     008D                     	;# 
   178     008E                     	;# 
   179     008F                     	;# 
   180     0090                     	;# 
   181     0091                     	;# 
   182     0092                     	;# 
   183     0093                     	;# 
   184     0093                     	;# 
   185     0093                     	;# 
   186     0094                     	;# 
   187     0095                     	;# 
   188     0096                     	;# 
   189     0097                     	;# 
   190     0098                     	;# 
   191     0099                     	;# 
   192     009A                     	;# 
   193     009B                     	;# 
   194     009C                     	;# 
   195     009D                     	;# 
   196     009E                     	;# 
   197     009F                     	;# 
   198     0105                     	;# 
   199     0107                     	;# 
   200     0108                     	;# 
   201     0109                     	;# 
   202     010C                     	;# 
   203     010C                     	;# 
   204     010D                     	;# 
   205     010E                     	;# 
   206     010F                     	;# 
   207     0185                     	;# 
   208     0187                     	;# 
   209     0188                     	;# 
   210     0189                     	;# 
   211     018C                     	;# 
   212     018D                     	;# 
   213     0000                     	;# 
   214     0001                     	;# 
   215     0002                     	;# 
   216     0003                     	;# 
   217     0004                     	;# 
   218     0005                     	;# 
   219     0006                     	;# 
   220     0007                     	;# 
   221     0008                     	;# 
   222     0009                     	;# 
   223     000A                     	;# 
   224     000B                     	;# 
   225     000C                     	;# 
   226     000D                     	;# 
   227     000E                     	;# 
   228     000E                     	;# 
   229     000F                     	;# 
   230     0010                     	;# 
   231     0011                     	;# 
   232     0012                     	;# 
   233     0013                     	;# 
   234     0014                     	;# 
   235     0015                     	;# 
   236     0015                     	;# 
   237     0016                     	;# 
   238     0017                     	;# 
   239     0018                     	;# 
   240     0019                     	;# 
   241     001A                     	;# 
   242     001B                     	;# 
   243     001B                     	;# 
   244     001C                     	;# 
   245     001D                     	;# 
   246     001E                     	;# 
   247     001F                     	;# 
   248     0081                     	;# 
   249     0085                     	;# 
   250     0086                     	;# 
   251     0087                     	;# 
   252     0088                     	;# 
   253     0089                     	;# 
   254     008C                     	;# 
   255     008D                     	;# 
   256     008E                     	;# 
   257     008F                     	;# 
   258     0090                     	;# 
   259     0091                     	;# 
   260     0092                     	;# 
   261     0093                     	;# 
   262     0093                     	;# 
   263     0093                     	;# 
   264     0094                     	;# 
   265     0095                     	;# 
   266     0096                     	;# 
   267     0097                     	;# 
   268     0098                     	;# 
   269     0099                     	;# 
   270     009A                     	;# 
   271     009B                     	;# 
   272     009C                     	;# 
   273     009D                     	;# 
   274     009E                     	;# 
   275     009F                     	;# 
   276     0105                     	;# 
   277     0107                     	;# 
   278     0108                     	;# 
   279     0109                     	;# 
   280     010C                     	;# 
   281     010C                     	;# 
   282     010D                     	;# 
   283     010E                     	;# 
   284     010F                     	;# 
   285     0185                     	;# 
   286     0187                     	;# 
   287     0188                     	;# 
   288     0189                     	;# 
   289     018C                     	;# 
   290     018D                     	;# 
   291     0000                     	;# 
   292     0001                     	;# 
   293     0002                     	;# 
   294     0003                     	;# 
   295     0004                     	;# 
   296     0005                     	;# 
   297     0006                     	;# 
   298     0007                     	;# 
   299     0008                     	;# 
   300     0009                     	;# 
   301     000A                     	;# 
   302     000B                     	;# 
   303     000C                     	;# 
   304     000D                     	;# 
   305     000E                     	;# 
   306     000E                     	;# 
   307     000F                     	;# 
   308     0010                     	;# 
   309     0011                     	;# 
   310     0012                     	;# 
   311     0013                     	;# 
   312     0014                     	;# 
   313     0015                     	;# 
   314     0015                     	;# 
   315     0016                     	;# 
   316     0017                     	;# 
   317     0018                     	;# 
   318     0019                     	;# 
   319     001A                     	;# 
   320     001B                     	;# 
   321     001B                     	;# 
   322     001C                     	;# 
   323     001D                     	;# 
   324     001E                     	;# 
   325     001F                     	;# 
   326     0081                     	;# 
   327     0085                     	;# 
   328     0086                     	;# 
   329     0087                     	;# 
   330     0088                     	;# 
   331     0089                     	;# 
   332     008C                     	;# 
   333     008D                     	;# 
   334     008E                     	;# 
   335     008F                     	;# 
   336     0090                     	;# 
   337     0091                     	;# 
   338     0092                     	;# 
   339     0093                     	;# 
   340     0093                     	;# 
   341     0093                     	;# 
   342     0094                     	;# 
   343     0095                     	;# 
   344     0096                     	;# 
   345     0097                     	;# 
   346     0098                     	;# 
   347     0099                     	;# 
   348     009A                     	;# 
   349     009B                     	;# 
   350     009C                     	;# 
   351     009D                     	;# 
   352     009E                     	;# 
   353     009F                     	;# 
   354     0105                     	;# 
   355     0107                     	;# 
   356     0108                     	;# 
   357     0109                     	;# 
   358     010C                     	;# 
   359     010C                     	;# 
   360     010D                     	;# 
   361     010E                     	;# 
   362     010F                     	;# 
   363     0185                     	;# 
   364     0187                     	;# 
   365     0188                     	;# 
   366     0189                     	;# 
   367     018C                     	;# 
   368     018D                     	;# 
   369                           
   370                           	psect	nvBANK0
   371     003F                     __pnvBANK0:
   372     003F                     _Distancia:
   373     003F                     	ds	2
   374     000E                     _TMR1	set	14
   375     0014                     _SSPCON	set	20
   376     0005                     _PORTAbits	set	5
   377     0010                     _T1CONbits	set	16
   378     0009                     _PORTE	set	9
   379     0005                     _PORTA	set	5
   380     0006                     _PORTB	set	6
   381     0006                     _PORTBbits	set	6
   382     0013                     _SSPBUF	set	19
   383     0014                     _SSPCONbits	set	20
   384     000C                     _PIR1bits	set	12
   385     0009                     _PORTEbits	set	9
   386     0008                     _PORTD	set	8
   387     0063                     _SSPIF	set	99
   388     005E                     _PEIE	set	94
   389     005F                     _GIE	set	95
   390     0091                     _SSPCON2bits	set	145
   391     0087                     _TRISCbits	set	135
   392     0094                     _SSPSTAT	set	148
   393     0093                     _SSPADD	set	147
   394     0091                     _SSPCON2	set	145
   395     008F                     _OSCCONbits	set	143
   396     0089                     _TRISE	set	137
   397     0088                     _TRISD	set	136
   398     0086                     _TRISB	set	134
   399     0085                     _TRISA	set	133
   400     0094                     _SSPSTATbits	set	148
   401     0463                     _SSPIE	set	1123
   402     043C                     _TRISC4	set	1084
   403     043B                     _TRISC3	set	1083
   404     04A0                     _BF	set	1184
   405     0189                     _ANSELH	set	393
   406     0188                     _ANSEL	set	392
   407                           
   408                           	psect	cinit
   409     000F                     start_initialization:	
   410                           ; #config settings
   411                           
   412     000F                     __initialization:
   413                           
   414                           ; Clear objects allocated to COMMON
   415     000F  01F9               	clrf	__pbssCOMMON& (0+127)
   416     0010  01FA               	clrf	(__pbssCOMMON+1)& (0+127)
   417                           
   418                           ; Clear objects allocated to BANK0
   419     0011  1283               	bcf	3,5	;RP0=0, select bank0
   420     0012  1303               	bcf	3,6	;RP1=0, select bank0
   421     0013  01B0               	clrf	__pbssBANK0& (0+127)
   422     0014  01B1               	clrf	(__pbssBANK0+1)& (0+127)
   423     0015  01B2               	clrf	(__pbssBANK0+2)& (0+127)
   424     0016  01B3               	clrf	(__pbssBANK0+3)& (0+127)
   425     0017  01B4               	clrf	(__pbssBANK0+4)& (0+127)
   426     0018  01B5               	clrf	(__pbssBANK0+5)& (0+127)
   427     0019  01B6               	clrf	(__pbssBANK0+6)& (0+127)
   428     001A  01B7               	clrf	(__pbssBANK0+7)& (0+127)
   429     001B  01B8               	clrf	(__pbssBANK0+8)& (0+127)
   430     001C  01B9               	clrf	(__pbssBANK0+9)& (0+127)
   431     001D  01BA               	clrf	(__pbssBANK0+10)& (0+127)
   432     001E  01BB               	clrf	(__pbssBANK0+11)& (0+127)
   433     001F  01BC               	clrf	(__pbssBANK0+12)& (0+127)
   434     0020  01BD               	clrf	(__pbssBANK0+13)& (0+127)
   435     0021  01BE               	clrf	(__pbssBANK0+14)& (0+127)
   436     0022                     end_of_initialization:	
   437                           ;End of C runtime variable initialization code
   438                           
   439     0022                     __end_of__initialization:
   440     0022  0183               	clrf	3
   441     0023  120A  118A  2826   	ljmp	_main	;jump to C main() function
   442                           
   443                           	psect	bssCOMMON
   444     0079                     __pbssCOMMON:
   445     0079                     _Bandera:
   446     0079                     	ds	1
   447     007A                     _z:
   448     007A                     	ds	1
   449                           
   450                           	psect	bssBANK0
   451     0030                     __pbssBANK0:
   452     0030                     _LCD_Buffer:
   453     0030                     	ds	15
   454                           
   455                           	psect	cstackCOMMON
   456     0070                     __pcstackCOMMON:
   457     0070                     ?_setup:
   458     0070                     ?_Timer1_Init:	
   459                           ; 1 bytes @ 0x0
   460                           
   461     0070                     ?_I2C_Slave_Init:	
   462                           ; 1 bytes @ 0x0
   463                           
   464     0070                     ?_isr:	
   465                           ; 1 bytes @ 0x0
   466                           
   467     0070                     ??_isr:	
   468                           ; 1 bytes @ 0x0
   469                           
   470     0070                     ?_main:	
   471                           ; 1 bytes @ 0x0
   472                           
   473                           
   474                           ; 1 bytes @ 0x0
   475     0070                     	ds	3
   476     0073                     ??_Timer1_Init:
   477     0073                     ??_I2C_Slave_Init:	
   478                           ; 1 bytes @ 0x3
   479                           
   480     0073                     ?___lwdiv:	
   481                           ; 1 bytes @ 0x3
   482                           
   483     0073                     I2C_Slave_Init@address:	
   484                           ; 2 bytes @ 0x3
   485                           
   486     0073                     ___lwdiv@divisor:	
   487                           ; 1 bytes @ 0x3
   488                           
   489                           
   490                           ; 2 bytes @ 0x3
   491     0073                     	ds	1
   492     0074                     ??_setup:
   493                           
   494                           ; 1 bytes @ 0x4
   495     0074                     	ds	1
   496     0075                     ___lwdiv@dividend:
   497                           
   498                           ; 2 bytes @ 0x5
   499     0075                     	ds	2
   500     0077                     ??___lwdiv:
   501                           
   502                           ; 1 bytes @ 0x7
   503     0077                     	ds	1
   504     0078                     main@DC:
   505                           
   506                           ; 1 bytes @ 0x8
   507     0078                     	ds	1
   508                           
   509                           	psect	cstackBANK0
   510     0020                     __pcstackBANK0:
   511     0020                     ___lwdiv@counter:
   512                           
   513                           ; 1 bytes @ 0x0
   514     0020                     	ds	1
   515     0021                     ___lwdiv@quotient:
   516                           
   517                           ; 2 bytes @ 0x1
   518     0021                     	ds	2
   519     0023                     ?_Obtener_Distancia:
   520                           
   521                           ; 2 bytes @ 0x3
   522     0023                     	ds	2
   523     0025                     ??_Obtener_Distancia:
   524                           
   525                           ; 1 bytes @ 0x5
   526     0025                     	ds	2
   527     0027                     Obtener_Distancia@Timer_1:
   528                           
   529                           ; 2 bytes @ 0x7
   530     0027                     	ds	2
   531     0029                     Obtener_Distancia@Distancia:
   532                           
   533                           ; 2 bytes @ 0x9
   534     0029                     	ds	2
   535     002B                     Obtener_Distancia@Duracion:
   536                           
   537                           ; 2 bytes @ 0xB
   538     002B                     	ds	2
   539     002D                     ??_main:
   540                           
   541                           ; 1 bytes @ 0xD
   542     002D                     	ds	3
   543                           
   544                           	psect	maintext
   545     0026                     __pmaintext:	
   546 ;;
   547 ;;Main: autosize = 0, tempsize = 3, incstack = 0, save=0
   548 ;;
   549 ;; *************** function _main *****************
   550 ;; Defined at:
   551 ;;		line 113 in file "Ultrasonico.c"
   552 ;; Parameters:    Size  Location     Type
   553 ;;		None
   554 ;; Auto vars:     Size  Location     Type
   555 ;;  DC              1    8[COMMON] unsigned char 
   556 ;; Return value:  Size  Location     Type
   557 ;;                  1    wreg      void 
   558 ;; Registers used:
   559 ;;		wreg, status,2, status,0, pclath, cstack
   560 ;; Tracked objects:
   561 ;;		On entry : B00/0
   562 ;;		On exit  : 0/0
   563 ;;		Unchanged: 0/0
   564 ;; Data sizes:     COMMON   BANK0   BANK1   BANK3   BANK2
   565 ;;      Params:         0       0       0       0       0
   566 ;;      Locals:         1       0       0       0       0
   567 ;;      Temps:          0       3       0       0       0
   568 ;;      Totals:         1       3       0       0       0
   569 ;;Total ram usage:        4 bytes
   570 ;; Hardware stack levels required when called: 3
   571 ;; This function calls:
   572 ;;		_Obtener_Distancia
   573 ;;		_Timer1_Init
   574 ;;		_setup
   575 ;; This function is called by:
   576 ;;		Startup code after reset
   577 ;; This function uses a non-reentrant model
   578 ;;
   579                           
   580     0026                     _main:	
   581                           ;psect for function _main
   582                           
   583     0026                     l1334:	
   584                           ;incstack = 0
   585                           ; Regs used in _main: [wreg+status,2+status,0+pclath+cstack]
   586                           
   587                           
   588                           ;Ultrasonico.c: 114:     uint8_t DC = 1;
   589     0026  01F8               	clrf	main@DC
   590     0027  0AF8               	incf	main@DC,f
   591     0028                     l1336:
   592                           
   593                           ;Ultrasonico.c: 116:     setup();
   594     0028  120A  118A  2186  120A  118A  	fcall	_setup
   595                           
   596                           ;Ultrasonico.c: 117:     Timer1_Init();
   597     002D  120A  118A  21BD  120A  118A  	fcall	_Timer1_Init
   598     0032                     l120:	
   599                           ;Ultrasonico.c: 121:     while(1){
   600                           
   601                           
   602                           ;Ultrasonico.c: 123:         Distancia = Obtener_Distancia();
   603     0032  120A  118A  20F4  120A  118A  	fcall	_Obtener_Distancia
   604     0037  1283               	bcf	3,5	;RP0=0, select bank0
   605     0038  1303               	bcf	3,6	;RP1=0, select bank0
   606     0039  0824               	movf	?_Obtener_Distancia+1,w
   607     003A  00C0               	movwf	_Distancia+1
   608     003B  0823               	movf	?_Obtener_Distancia,w
   609     003C  00BF               	movwf	_Distancia
   610     003D                     l1338:
   611                           
   612                           ;Ultrasonico.c: 125:         if(Distancia <= 10){
   613     003D  3000               	movlw	0
   614     003E  0240               	subwf	_Distancia+1,w
   615     003F  300B               	movlw	11
   616     0040  1903               	skipnz
   617     0041  023F               	subwf	_Distancia,w
   618     0042  1803               	skipnc
   619     0043  2845               	goto	u641
   620     0044  2846               	goto	u640
   621     0045                     u641:
   622     0045  285E               	goto	l1352
   623     0046                     u640:
   624     0046                     l1340:
   625                           
   626                           ;Ultrasonico.c: 126:             if(DC == 1){
   627     0046  0378               	decf	main@DC,w
   628     0047  1D03               	btfss	3,2
   629     0048  284A               	goto	u651
   630     0049  284B               	goto	u650
   631     004A                     u651:
   632     004A  285D               	goto	l1350
   633     004B                     u650:
   634     004B                     l1342:
   635                           
   636                           ;Ultrasonico.c: 127:                 DC = 0;
   637     004B  01F8               	clrf	main@DC
   638     004C                     l1344:
   639                           
   640                           ;Ultrasonico.c: 128:                 PORTBbits.RB0 = 1;
   641     004C  1406               	bsf	6,0	;volatile
   642     004D                     l1346:
   643                           
   644                           ;Ultrasonico.c: 129:                 PORTBbits.RB1 = 0;
   645     004D  1086               	bcf	6,1	;volatile
   646     004E                     l1348:
   647                           
   648                           ;Ultrasonico.c: 130:                 _delay((unsigned long)((125)*(8000000/4000.0)));
   649     004E  3002               	movlw	2
   650     004F  1283               	bcf	3,5	;RP0=0, select bank0
   651     0050  1303               	bcf	3,6	;RP1=0, select bank0
   652     0051  00AF               	movwf	??_main+2
   653     0052  3045               	movlw	69
   654     0053  00AE               	movwf	??_main+1
   655     0054  30A9               	movlw	169
   656     0055  00AD               	movwf	??_main
   657     0056                     u687:
   658     0056  0BAD               	decfsz	??_main,f
   659     0057  2856               	goto	u687
   660     0058  0BAE               	decfsz	??_main+1,f
   661     0059  2856               	goto	u687
   662     005A  0BAF               	decfsz	??_main+2,f
   663     005B  2856               	goto	u687
   664                           
   665                           ;Ultrasonico.c: 131:             }
   666     005C  285E               	goto	l1352
   667     005D                     l1350:
   668                           
   669                           ;Ultrasonico.c: 133:                 PORTB = 0;
   670     005D  0186               	clrf	6	;volatile
   671     005E                     l1352:
   672                           
   673                           ;Ultrasonico.c: 137:         if (DC == 0){
   674     005E  0878               	movf	main@DC,w
   675     005F  1D03               	btfss	3,2
   676     0060  2862               	goto	u661
   677     0061  2863               	goto	u660
   678     0062                     u661:
   679     0062  2883               	goto	l1366
   680     0063                     u660:
   681     0063                     l1354:
   682                           
   683                           ;Ultrasonico.c: 138:             if(PORTD == 255){
   684     0063  1283               	bcf	3,5	;RP0=0, select bank0
   685     0064  1303               	bcf	3,6	;RP1=0, select bank0
   686     0065  0A08               	incf	8,w	;volatile
   687     0066  1D03               	btfss	3,2
   688     0067  2869               	goto	u671
   689     0068  286A               	goto	u670
   690     0069                     u671:
   691     0069  287F               	goto	l1362
   692     006A                     u670:
   693     006A                     l1356:
   694                           
   695                           ;Ultrasonico.c: 139:                 PORTBbits.RB0 = 0;
   696     006A  1006               	bcf	6,0	;volatile
   697                           
   698                           ;Ultrasonico.c: 140:                 PORTBbits.RB1 = 1;
   699     006B  1486               	bsf	6,1	;volatile
   700     006C                     l1358:
   701                           
   702                           ;Ultrasonico.c: 141:                 PORTD++;
   703     006C  3001               	movlw	1
   704     006D  00AD               	movwf	??_main
   705     006E  082D               	movf	??_main,w
   706     006F  0788               	addwf	8,f	;volatile
   707     0070                     l1360:
   708                           
   709                           ;Ultrasonico.c: 142:                 _delay((unsigned long)((150)*(8000000/4000.0)));
   710     0070  3002               	movlw	2
   711     0071  1283               	bcf	3,5	;RP0=0, select bank0
   712     0072  1303               	bcf	3,6	;RP1=0, select bank0
   713     0073  00AF               	movwf	??_main+2
   714     0074  3086               	movlw	134
   715     0075  00AE               	movwf	??_main+1
   716     0076  3098               	movlw	152
   717     0077  00AD               	movwf	??_main
   718     0078                     u697:
   719     0078  0BAD               	decfsz	??_main,f
   720     0079  2878               	goto	u697
   721     007A  0BAE               	decfsz	??_main+1,f
   722     007B  2878               	goto	u697
   723     007C  0BAF               	decfsz	??_main+2,f
   724     007D  2878               	goto	u697
   725     007E  0000               	nop
   726     007F                     l1362:
   727                           
   728                           ;Ultrasonico.c: 144:             PORTBbits.RB0 = 0;
   729     007F  1283               	bcf	3,5	;RP0=0, select bank0
   730     0080  1303               	bcf	3,6	;RP1=0, select bank0
   731     0081  1006               	bcf	6,0	;volatile
   732     0082                     l1364:
   733                           
   734                           ;Ultrasonico.c: 145:             PORTBbits.RB1 = 0;
   735     0082  1086               	bcf	6,1	;volatile
   736     0083                     l1366:
   737                           
   738                           ;Ultrasonico.c: 156:         _delay((unsigned long)((500)*(8000000/4000.0)));
   739     0083  3006               	movlw	6
   740     0084  1283               	bcf	3,5	;RP0=0, select bank0
   741     0085  1303               	bcf	3,6	;RP1=0, select bank0
   742     0086  00AF               	movwf	??_main+2
   743     0087  3013               	movlw	19
   744     0088  00AE               	movwf	??_main+1
   745     0089  30AD               	movlw	173
   746     008A  00AD               	movwf	??_main
   747     008B                     u707:
   748     008B  0BAD               	decfsz	??_main,f
   749     008C  288B               	goto	u707
   750     008D  0BAE               	decfsz	??_main+1,f
   751     008E  288B               	goto	u707
   752     008F  0BAF               	decfsz	??_main+2,f
   753     0090  288B               	goto	u707
   754     0091  2832               	goto	l120
   755     0092  120A  118A  280C   	ljmp	start
   756     0095                     __end_of_main:
   757                           
   758                           	psect	text1
   759     0186                     __ptext1:	
   760 ;; *************** function _setup *****************
   761 ;; Defined at:
   762 ;;		line 160 in file "Ultrasonico.c"
   763 ;; Parameters:    Size  Location     Type
   764 ;;		None
   765 ;; Auto vars:     Size  Location     Type
   766 ;;		None
   767 ;; Return value:  Size  Location     Type
   768 ;;                  1    wreg      void 
   769 ;; Registers used:
   770 ;;		wreg, status,2, status,0, pclath, cstack
   771 ;; Tracked objects:
   772 ;;		On entry : 0/0
   773 ;;		On exit  : 0/0
   774 ;;		Unchanged: 0/0
   775 ;; Data sizes:     COMMON   BANK0   BANK1   BANK3   BANK2
   776 ;;      Params:         0       0       0       0       0
   777 ;;      Locals:         0       0       0       0       0
   778 ;;      Temps:          0       0       0       0       0
   779 ;;      Totals:         0       0       0       0       0
   780 ;;Total ram usage:        0 bytes
   781 ;; Hardware stack levels used: 1
   782 ;; Hardware stack levels required when called: 2
   783 ;; This function calls:
   784 ;;		_I2C_Slave_Init
   785 ;; This function is called by:
   786 ;;		_main
   787 ;; This function uses a non-reentrant model
   788 ;;
   789                           
   790     0186                     _setup:	
   791                           ;psect for function _setup
   792                           
   793     0186                     l1274:	
   794                           ;incstack = 0
   795                           ; Regs used in _setup: [wreg+status,2+status,0+pclath+cstack]
   796                           
   797                           
   798                           ;Ultrasonico.c: 161:     ANSEL = 0;
   799     0186  1683               	bsf	3,5	;RP0=1, select bank3
   800     0187  1703               	bsf	3,6	;RP1=1, select bank3
   801     0188  0188               	clrf	8	;volatile
   802                           
   803                           ;Ultrasonico.c: 162:     ANSELH = 0;
   804     0189  0189               	clrf	9	;volatile
   805     018A                     l1276:
   806                           
   807                           ;Ultrasonico.c: 165:     TRISA = 0b00000010;
   808     018A  3002               	movlw	2
   809     018B  1683               	bsf	3,5	;RP0=1, select bank1
   810     018C  1303               	bcf	3,6	;RP1=0, select bank1
   811     018D  0085               	movwf	5	;volatile
   812     018E                     l1278:
   813                           
   814                           ;Ultrasonico.c: 166:     TRISB = 0;
   815     018E  0186               	clrf	6	;volatile
   816     018F                     l1280:
   817                           
   818                           ;Ultrasonico.c: 167:     TRISD = 0;
   819     018F  0188               	clrf	8	;volatile
   820     0190                     l1282:
   821                           
   822                           ;Ultrasonico.c: 168:     TRISE = 0;
   823     0190  0189               	clrf	9	;volatile
   824     0191                     l1284:
   825                           
   826                           ;Ultrasonico.c: 171:     PORTA = 0;
   827     0191  1283               	bcf	3,5	;RP0=0, select bank0
   828     0192  1303               	bcf	3,6	;RP1=0, select bank0
   829     0193  0185               	clrf	5	;volatile
   830     0194                     l1286:
   831                           
   832                           ;Ultrasonico.c: 172:     PORTB = 0;
   833     0194  0186               	clrf	6	;volatile
   834     0195                     l1288:
   835                           
   836                           ;Ultrasonico.c: 173:     PORTD = 0;
   837     0195  0188               	clrf	8	;volatile
   838     0196                     l1290:
   839                           
   840                           ;Ultrasonico.c: 174:     PORTE = 0;
   841     0196  0189               	clrf	9	;volatile
   842     0197                     l1292:
   843                           
   844                           ;Ultrasonico.c: 176:     OSCCONbits.IRCF = 0b111;
   845     0197  3070               	movlw	112
   846     0198  1683               	bsf	3,5	;RP0=1, select bank1
   847     0199  1303               	bcf	3,6	;RP1=0, select bank1
   848     019A  048F               	iorwf	15,f	;volatile
   849     019B                     l1294:
   850                           
   851                           ;Ultrasonico.c: 177:     OSCCONbits.SCS = 1;
   852     019B  140F               	bsf	15,0	;volatile
   853     019C                     l1296:
   854                           
   855                           ;Ultrasonico.c: 178:     I2C_Slave_Init(0x50);
   856     019C  3050               	movlw	80
   857     019D  120A  118A  21A3  120A  118A  	fcall	_I2C_Slave_Init
   858     01A2                     l131:
   859     01A2  0008               	return
   860     01A3                     __end_of_setup:
   861                           
   862                           	psect	text2
   863     01A3                     __ptext2:	
   864 ;; *************** function _I2C_Slave_Init *****************
   865 ;; Defined at:
   866 ;;		line 94 in file "I2C.c"
   867 ;; Parameters:    Size  Location     Type
   868 ;;  address         1    wreg     unsigned char 
   869 ;; Auto vars:     Size  Location     Type
   870 ;;  address         1    3[COMMON] unsigned char 
   871 ;; Return value:  Size  Location     Type
   872 ;;                  1    wreg      void 
   873 ;; Registers used:
   874 ;;		wreg
   875 ;; Tracked objects:
   876 ;;		On entry : 0/0
   877 ;;		On exit  : 0/0
   878 ;;		Unchanged: 0/0
   879 ;; Data sizes:     COMMON   BANK0   BANK1   BANK3   BANK2
   880 ;;      Params:         0       0       0       0       0
   881 ;;      Locals:         1       0       0       0       0
   882 ;;      Temps:          0       0       0       0       0
   883 ;;      Totals:         1       0       0       0       0
   884 ;;Total ram usage:        1 bytes
   885 ;; Hardware stack levels used: 1
   886 ;; Hardware stack levels required when called: 1
   887 ;; This function calls:
   888 ;;		Nothing
   889 ;; This function is called by:
   890 ;;		_setup
   891 ;; This function uses a non-reentrant model
   892 ;;
   893                           
   894     01A3                     _I2C_Slave_Init:	
   895                           ;psect for function _I2C_Slave_Init
   896                           
   897                           
   898                           ;incstack = 0
   899                           ; Regs used in _I2C_Slave_Init: [wreg]
   900                           ;I2C_Slave_Init@address stored from wreg
   901     01A3  00F3               	movwf	I2C_Slave_Init@address
   902     01A4                     l1234:
   903                           
   904                           ;I2C.c: 94: void I2C_Slave_Init(uint8_t address);I2C.c: 95: {;I2C.c: 96:     SSPADD = ad
      +                          dress;
   905     01A4  0873               	movf	I2C_Slave_Init@address,w
   906     01A5  1683               	bsf	3,5	;RP0=1, select bank1
   907     01A6  1303               	bcf	3,6	;RP1=0, select bank1
   908     01A7  0093               	movwf	19	;volatile
   909                           
   910                           ;I2C.c: 97:     SSPCON = 0x36;
   911     01A8  3036               	movlw	54
   912     01A9  1283               	bcf	3,5	;RP0=0, select bank0
   913     01AA  1303               	bcf	3,6	;RP1=0, select bank0
   914     01AB  0094               	movwf	20	;volatile
   915                           
   916                           ;I2C.c: 98:     SSPSTAT = 0x80;
   917     01AC  3080               	movlw	128
   918     01AD  1683               	bsf	3,5	;RP0=1, select bank1
   919     01AE  1303               	bcf	3,6	;RP1=0, select bank1
   920     01AF  0094               	movwf	20	;volatile
   921                           
   922                           ;I2C.c: 99:     SSPCON2 = 0x01;
   923     01B0  3001               	movlw	1
   924     01B1  0091               	movwf	17	;volatile
   925     01B2                     l1236:
   926                           
   927                           ;I2C.c: 100:     TRISC3 = 1;
   928     01B2  1587               	bsf	7,3	;volatile
   929     01B3                     l1238:
   930                           
   931                           ;I2C.c: 101:     TRISC4 = 1;
   932     01B3  1607               	bsf	7,4	;volatile
   933     01B4                     l1240:
   934                           
   935                           ;I2C.c: 102:     GIE = 1;
   936     01B4  178B               	bsf	11,7	;volatile
   937     01B5                     l1242:
   938                           
   939                           ;I2C.c: 103:     PEIE = 1;
   940     01B5  170B               	bsf	11,6	;volatile
   941     01B6                     l1244:
   942                           
   943                           ;I2C.c: 104:     SSPIF = 0;
   944     01B6  1283               	bcf	3,5	;RP0=0, select bank0
   945     01B7  1303               	bcf	3,6	;RP1=0, select bank0
   946     01B8  118C               	bcf	12,3	;volatile
   947     01B9                     l1246:
   948                           
   949                           ;I2C.c: 105:     SSPIE = 1;
   950     01B9  1683               	bsf	3,5	;RP0=1, select bank1
   951     01BA  1303               	bcf	3,6	;RP1=0, select bank1
   952     01BB  158C               	bsf	12,3	;volatile
   953     01BC                     l202:
   954     01BC  0008               	return
   955     01BD                     __end_of_I2C_Slave_Init:
   956                           
   957                           	psect	text3
   958     01BD                     __ptext3:	
   959 ;; *************** function _Timer1_Init *****************
   960 ;; Defined at:
   961 ;;		line 182 in file "Ultrasonico.c"
   962 ;; Parameters:    Size  Location     Type
   963 ;;		None
   964 ;; Auto vars:     Size  Location     Type
   965 ;;		None
   966 ;; Return value:  Size  Location     Type
   967 ;;                  1    wreg      void 
   968 ;; Registers used:
   969 ;;		wreg, status,2, status,0
   970 ;; Tracked objects:
   971 ;;		On entry : 0/0
   972 ;;		On exit  : 0/0
   973 ;;		Unchanged: 0/0
   974 ;; Data sizes:     COMMON   BANK0   BANK1   BANK3   BANK2
   975 ;;      Params:         0       0       0       0       0
   976 ;;      Locals:         0       0       0       0       0
   977 ;;      Temps:          0       0       0       0       0
   978 ;;      Totals:         0       0       0       0       0
   979 ;;Total ram usage:        0 bytes
   980 ;; Hardware stack levels used: 1
   981 ;; Hardware stack levels required when called: 1
   982 ;; This function calls:
   983 ;;		Nothing
   984 ;; This function is called by:
   985 ;;		_main
   986 ;; This function uses a non-reentrant model
   987 ;;
   988                           
   989     01BD                     _Timer1_Init:	
   990                           ;psect for function _Timer1_Init
   991                           
   992     01BD                     l1300:	
   993                           ;incstack = 0
   994                           ; Regs used in _Timer1_Init: [wreg+status,2+status,0]
   995                           
   996                           
   997                           ;Ultrasonico.c: 183:     T1CONbits.T1CKPS = 0b00;
   998     01BD  30CF               	movlw	-49
   999     01BE  1283               	bcf	3,5	;RP0=0, select bank0
  1000     01BF  1303               	bcf	3,6	;RP1=0, select bank0
  1001     01C0  0590               	andwf	16,f	;volatile
  1002     01C1                     l1302:
  1003                           
  1004                           ;Ultrasonico.c: 184:     T1CONbits.TMR1CS = 0;
  1005     01C1  1090               	bcf	16,1	;volatile
  1006     01C2                     l1304:
  1007                           
  1008                           ;Ultrasonico.c: 185:     TMR1 = 0;
  1009     01C2  018E               	clrf	14	;volatile
  1010     01C3  018F               	clrf	15	;volatile
  1011     01C4                     l1306:
  1012                           
  1013                           ;Ultrasonico.c: 186:     T1CONbits.TMR1ON = 0;
  1014     01C4  1010               	bcf	16,0	;volatile
  1015     01C5                     l134:
  1016     01C5  0008               	return
  1017     01C6                     __end_of_Timer1_Init:
  1018                           
  1019                           	psect	text4
  1020     00F4                     __ptext4:	
  1021 ;; *************** function _Obtener_Distancia *****************
  1022 ;; Defined at:
  1023 ;;		line 190 in file "Ultrasonico.c"
  1024 ;; Parameters:    Size  Location     Type
  1025 ;;		None
  1026 ;; Auto vars:     Size  Location     Type
  1027 ;;  Duracion        2   11[BANK0 ] unsigned int 
  1028 ;;  Distancia       2    9[BANK0 ] unsigned int 
  1029 ;;  Timer_1         2    7[BANK0 ] unsigned int 
  1030 ;; Return value:  Size  Location     Type
  1031 ;;                  2    3[BANK0 ] unsigned int 
  1032 ;; Registers used:
  1033 ;;		wreg, status,2, status,0, pclath, cstack
  1034 ;; Tracked objects:
  1035 ;;		On entry : 0/0
  1036 ;;		On exit  : 0/0
  1037 ;;		Unchanged: 0/0
  1038 ;; Data sizes:     COMMON   BANK0   BANK1   BANK3   BANK2
  1039 ;;      Params:         0       2       0       0       0
  1040 ;;      Locals:         0       6       0       0       0
  1041 ;;      Temps:          0       2       0       0       0
  1042 ;;      Totals:         0      10       0       0       0
  1043 ;;Total ram usage:       10 bytes
  1044 ;; Hardware stack levels used: 1
  1045 ;; Hardware stack levels required when called: 2
  1046 ;; This function calls:
  1047 ;;		___lwdiv
  1048 ;; This function is called by:
  1049 ;;		_main
  1050 ;; This function uses a non-reentrant model
  1051 ;;
  1052                           
  1053     00F4                     _Obtener_Distancia:	
  1054                           ;psect for function _Obtener_Distancia
  1055                           
  1056     00F4                     l1310:	
  1057                           ;incstack = 0
  1058                           ; Regs used in _Obtener_Distancia: [wreg+status,2+status,0+pclath+cstack]
  1059                           
  1060                           
  1061                           ;Ultrasonico.c: 192:     uint16_t Duracion;;Ultrasonico.c: 193:     uint16_t Distancia;;
      +                          Ultrasonico.c: 194:     uint16_t Timer_1;;Ultrasonico.c: 196:     PORTAbits.RA0 = 1;
  1062     00F4  1283               	bcf	3,5	;RP0=0, select bank0
  1063     00F5  1303               	bcf	3,6	;RP1=0, select bank0
  1064     00F6  1405               	bsf	5,0	;volatile
  1065     00F7                     l1312:
  1066                           
  1067                           ;Ultrasonico.c: 197:     _delay((unsigned long)((10)*(8000000/4000000.0)));
  1068     00F7  3005               	movlw	5
  1069     00F8  1283               	bcf	3,5	;RP0=0, select bank0
  1070     00F9  1303               	bcf	3,6	;RP1=0, select bank0
  1071     00FA  00A5               	movwf	??_Obtener_Distancia
  1072     00FB                     u717:
  1073     00FB  0BA5               	decfsz	??_Obtener_Distancia,f
  1074     00FC  28FB               	goto	u717
  1075     00FD  28FE               	nop2
  1076     00FE                     l1314:
  1077                           
  1078                           ;Ultrasonico.c: 198:     PORTAbits.RA0 = 0;
  1079     00FE  1283               	bcf	3,5	;RP0=0, select bank0
  1080     00FF  1303               	bcf	3,6	;RP1=0, select bank0
  1081     0100  1005               	bcf	5,0	;volatile
  1082     0101                     l137:	
  1083                           ;Ultrasonico.c: 199:     while(PORTAbits.RA1 == 0);
  1084                           
  1085     0101  1C85               	btfss	5,1	;volatile
  1086     0102  2904               	goto	u611
  1087     0103  2905               	goto	u610
  1088     0104                     u611:
  1089     0104  2901               	goto	l137
  1090     0105                     u610:
  1091     0105                     l139:
  1092                           
  1093                           ;Ultrasonico.c: 200:     T1CONbits.TMR1ON = 1;
  1094     0105  1410               	bsf	16,0	;volatile
  1095     0106                     l140:	
  1096                           ;Ultrasonico.c: 201:     while(PORTAbits.RA1 == 1);
  1097                           
  1098     0106  1885               	btfsc	5,1	;volatile
  1099     0107  2909               	goto	u621
  1100     0108  290A               	goto	u620
  1101     0109                     u621:
  1102     0109  2906               	goto	l140
  1103     010A                     u620:
  1104     010A                     l142:
  1105                           
  1106                           ;Ultrasonico.c: 202:     T1CONbits.TMR1ON = 0;
  1107     010A  1010               	bcf	16,0	;volatile
  1108     010B                     l1316:
  1109                           
  1110                           ;Ultrasonico.c: 203:     Timer_1 = TMR1;
  1111     010B  080F               	movf	15,w	;volatile
  1112     010C  00A8               	movwf	Obtener_Distancia@Timer_1+1
  1113     010D  080E               	movf	14,w	;volatile
  1114     010E  00A7               	movwf	Obtener_Distancia@Timer_1
  1115     010F                     l1318:
  1116                           
  1117                           ;Ultrasonico.c: 204:     Duracion = (Timer_1)/2;
  1118     010F  0828               	movf	Obtener_Distancia@Timer_1+1,w
  1119     0110  00A6               	movwf	??_Obtener_Distancia+1
  1120     0111  0827               	movf	Obtener_Distancia@Timer_1,w
  1121     0112  00A5               	movwf	??_Obtener_Distancia
  1122     0113  1003               	clrc
  1123     0114  0CA6               	rrf	??_Obtener_Distancia+1,f
  1124     0115  0CA5               	rrf	??_Obtener_Distancia,f
  1125     0116  0825               	movf	??_Obtener_Distancia,w
  1126     0117  00AB               	movwf	Obtener_Distancia@Duracion
  1127     0118  0826               	movf	??_Obtener_Distancia+1,w
  1128     0119  00AC               	movwf	Obtener_Distancia@Duracion+1
  1129     011A                     l1320:
  1130                           
  1131                           ;Ultrasonico.c: 206:     if (Duracion <= 23200){
  1132     011A  305A               	movlw	90
  1133     011B  022C               	subwf	Obtener_Distancia@Duracion+1,w
  1134     011C  30A1               	movlw	161
  1135     011D  1903               	skipnz
  1136     011E  022B               	subwf	Obtener_Distancia@Duracion,w
  1137     011F  1803               	skipnc
  1138     0120  2922               	goto	u631
  1139     0121  2923               	goto	u630
  1140     0122                     u631:
  1141     0122  2937               	goto	l1324
  1142     0123                     u630:
  1143     0123                     l1322:
  1144                           
  1145                           ;Ultrasonico.c: 207:         Distancia = Duracion/58;
  1146     0123  303A               	movlw	58
  1147     0124  00F3               	movwf	___lwdiv@divisor
  1148     0125  3000               	movlw	0
  1149     0126  00F4               	movwf	___lwdiv@divisor+1
  1150     0127  082C               	movf	Obtener_Distancia@Duracion+1,w
  1151     0128  00F6               	movwf	___lwdiv@dividend+1
  1152     0129  082B               	movf	Obtener_Distancia@Duracion,w
  1153     012A  00F5               	movwf	___lwdiv@dividend
  1154     012B  120A  118A  2140  120A  118A  	fcall	___lwdiv
  1155     0130  0874               	movf	?___lwdiv+1,w
  1156     0131  1283               	bcf	3,5	;RP0=0, select bank0
  1157     0132  1303               	bcf	3,6	;RP1=0, select bank0
  1158     0133  00AA               	movwf	Obtener_Distancia@Distancia+1
  1159     0134  0873               	movf	?___lwdiv,w
  1160     0135  00A9               	movwf	Obtener_Distancia@Distancia
  1161                           
  1162                           ;Ultrasonico.c: 208:     }
  1163     0136  2939               	goto	l144
  1164     0137                     l1324:
  1165     0137                     l1326:
  1166                           
  1167                           ;Ultrasonico.c: 210:         Distancia = 0;
  1168     0137  01A9               	clrf	Obtener_Distancia@Distancia
  1169     0138  01AA               	clrf	Obtener_Distancia@Distancia+1
  1170     0139                     l144:	
  1171                           ;Ultrasonico.c: 211:     }
  1172                           
  1173                           
  1174                           ;Ultrasonico.c: 216:     TMR1 = 0;
  1175     0139  018E               	clrf	14	;volatile
  1176     013A  018F               	clrf	15	;volatile
  1177     013B                     l1330:
  1178                           
  1179                           ;Ultrasonico.c: 218:     return Distancia;
  1180     013B  082A               	movf	Obtener_Distancia@Distancia+1,w
  1181     013C  00A4               	movwf	?_Obtener_Distancia+1
  1182     013D  0829               	movf	Obtener_Distancia@Distancia,w
  1183     013E  00A3               	movwf	?_Obtener_Distancia
  1184     013F                     l147:
  1185     013F  0008               	return
  1186     0140                     __end_of_Obtener_Distancia:
  1187                           
  1188                           	psect	text5
  1189     0140                     __ptext5:	
  1190 ;; *************** function ___lwdiv *****************
  1191 ;; Defined at:
  1192 ;;		line 5 in file "C:\Program Files\Microchip\xc8\v2.40\pic\sources\c90\common\lwdiv.c"
  1193 ;; Parameters:    Size  Location     Type
  1194 ;;  divisor         2    3[COMMON] unsigned int 
  1195 ;;  dividend        2    5[COMMON] unsigned int 
  1196 ;; Auto vars:     Size  Location     Type
  1197 ;;  quotient        2    1[BANK0 ] unsigned int 
  1198 ;;  counter         1    0[BANK0 ] unsigned char 
  1199 ;; Return value:  Size  Location     Type
  1200 ;;                  2    3[COMMON] unsigned int 
  1201 ;; Registers used:
  1202 ;;		wreg, status,2, status,0
  1203 ;; Tracked objects:
  1204 ;;		On entry : 0/0
  1205 ;;		On exit  : 0/0
  1206 ;;		Unchanged: 0/0
  1207 ;; Data sizes:     COMMON   BANK0   BANK1   BANK3   BANK2
  1208 ;;      Params:         4       0       0       0       0
  1209 ;;      Locals:         0       3       0       0       0
  1210 ;;      Temps:          1       0       0       0       0
  1211 ;;      Totals:         5       3       0       0       0
  1212 ;;Total ram usage:        8 bytes
  1213 ;; Hardware stack levels used: 1
  1214 ;; Hardware stack levels required when called: 1
  1215 ;; This function calls:
  1216 ;;		Nothing
  1217 ;; This function is called by:
  1218 ;;		_Obtener_Distancia
  1219 ;; This function uses a non-reentrant model
  1220 ;;
  1221                           
  1222     0140                     ___lwdiv:	
  1223                           ;psect for function ___lwdiv
  1224                           
  1225     0140                     l1248:	
  1226                           ;incstack = 0
  1227                           ; Regs used in ___lwdiv: [wreg+status,2+status,0]
  1228                           
  1229     0140  1283               	bcf	3,5	;RP0=0, select bank0
  1230     0141  1303               	bcf	3,6	;RP1=0, select bank0
  1231     0142  01A1               	clrf	___lwdiv@quotient
  1232     0143  01A2               	clrf	___lwdiv@quotient+1
  1233     0144                     l1250:
  1234     0144  0873               	movf	___lwdiv@divisor,w
  1235     0145  0474               	iorwf	___lwdiv@divisor+1,w
  1236     0146  1903               	btfsc	3,2
  1237     0147  2949               	goto	u541
  1238     0148  294A               	goto	u540
  1239     0149                     u541:
  1240     0149  2981               	goto	l1270
  1241     014A                     u540:
  1242     014A                     l1252:
  1243     014A  01A0               	clrf	___lwdiv@counter
  1244     014B  0AA0               	incf	___lwdiv@counter,f
  1245     014C  2958               	goto	l1258
  1246     014D                     l1254:
  1247     014D  3001               	movlw	1
  1248     014E                     u555:
  1249     014E  1003               	clrc
  1250     014F  0DF3               	rlf	___lwdiv@divisor,f
  1251     0150  0DF4               	rlf	___lwdiv@divisor+1,f
  1252     0151  3EFF               	addlw	-1
  1253     0152  1D03               	skipz
  1254     0153  294E               	goto	u555
  1255     0154                     l1256:
  1256     0154  3001               	movlw	1
  1257     0155  00F7               	movwf	??___lwdiv
  1258     0156  0877               	movf	??___lwdiv,w
  1259     0157  07A0               	addwf	___lwdiv@counter,f
  1260     0158                     l1258:
  1261     0158  1FF4               	btfss	___lwdiv@divisor+1,7
  1262     0159  295B               	goto	u561
  1263     015A  295C               	goto	u560
  1264     015B                     u561:
  1265     015B  294D               	goto	l1254
  1266     015C                     u560:
  1267     015C                     l1260:
  1268     015C  3001               	movlw	1
  1269     015D                     u575:
  1270     015D  1003               	clrc
  1271     015E  0DA1               	rlf	___lwdiv@quotient,f
  1272     015F  0DA2               	rlf	___lwdiv@quotient+1,f
  1273     0160  3EFF               	addlw	-1
  1274     0161  1D03               	skipz
  1275     0162  295D               	goto	u575
  1276     0163  0874               	movf	___lwdiv@divisor+1,w
  1277     0164  0276               	subwf	___lwdiv@dividend+1,w
  1278     0165  1D03               	skipz
  1279     0166  2969               	goto	u585
  1280     0167  0873               	movf	___lwdiv@divisor,w
  1281     0168  0275               	subwf	___lwdiv@dividend,w
  1282     0169                     u585:
  1283     0169  1C03               	skipc
  1284     016A  296C               	goto	u581
  1285     016B  296D               	goto	u580
  1286     016C                     u581:
  1287     016C  2974               	goto	l1266
  1288     016D                     u580:
  1289     016D                     l1262:
  1290     016D  0873               	movf	___lwdiv@divisor,w
  1291     016E  02F5               	subwf	___lwdiv@dividend,f
  1292     016F  0874               	movf	___lwdiv@divisor+1,w
  1293     0170  1C03               	skipc
  1294     0171  03F6               	decf	___lwdiv@dividend+1,f
  1295     0172  02F6               	subwf	___lwdiv@dividend+1,f
  1296     0173                     l1264:
  1297     0173  1421               	bsf	___lwdiv@quotient,0
  1298     0174                     l1266:
  1299     0174  3001               	movlw	1
  1300     0175                     u595:
  1301     0175  1003               	clrc
  1302     0176  0CF4               	rrf	___lwdiv@divisor+1,f
  1303     0177  0CF3               	rrf	___lwdiv@divisor,f
  1304     0178  3EFF               	addlw	-1
  1305     0179  1D03               	skipz
  1306     017A  2975               	goto	u595
  1307     017B                     l1268:
  1308     017B  3001               	movlw	1
  1309     017C  02A0               	subwf	___lwdiv@counter,f
  1310     017D  1D03               	btfss	3,2
  1311     017E  2980               	goto	u601
  1312     017F  2981               	goto	u600
  1313     0180                     u601:
  1314     0180  295C               	goto	l1260
  1315     0181                     u600:
  1316     0181                     l1270:
  1317     0181  0822               	movf	___lwdiv@quotient+1,w
  1318     0182  00F4               	movwf	?___lwdiv+1
  1319     0183  0821               	movf	___lwdiv@quotient,w
  1320     0184  00F3               	movwf	?___lwdiv
  1321     0185                     l560:
  1322     0185  0008               	return
  1323     0186                     __end_of___lwdiv:
  1324                           
  1325                           	psect	text6
  1326     0095                     __ptext6:	
  1327 ;; *************** function _isr *****************
  1328 ;; Defined at:
  1329 ;;		line 74 in file "Ultrasonico.c"
  1330 ;; Parameters:    Size  Location     Type
  1331 ;;		None
  1332 ;; Auto vars:     Size  Location     Type
  1333 ;;		None
  1334 ;; Return value:  Size  Location     Type
  1335 ;;                  1    wreg      void 
  1336 ;; Registers used:
  1337 ;;		wreg
  1338 ;; Tracked objects:
  1339 ;;		On entry : 0/0
  1340 ;;		On exit  : 0/0
  1341 ;;		Unchanged: 0/0
  1342 ;; Data sizes:     COMMON   BANK0   BANK1   BANK3   BANK2
  1343 ;;      Params:         0       0       0       0       0
  1344 ;;      Locals:         0       0       0       0       0
  1345 ;;      Temps:          3       0       0       0       0
  1346 ;;      Totals:         3       0       0       0       0
  1347 ;;Total ram usage:        3 bytes
  1348 ;; Hardware stack levels used: 1
  1349 ;; This function calls:
  1350 ;;		Nothing
  1351 ;; This function is called by:
  1352 ;;		Interrupt level 1
  1353 ;; This function uses a non-reentrant model
  1354 ;;
  1355                           
  1356     0095                     _isr:	
  1357                           ;psect for function _isr
  1358                           
  1359     0095                     i1l1166:
  1360                           
  1361                           ;Ultrasonico.c: 75:    if(PIR1bits.SSPIF == 1){
  1362     0095  1283               	bcf	3,5	;RP0=0, select bank0
  1363     0096  1303               	bcf	3,6	;RP1=0, select bank0
  1364     0097  1D8C               	btfss	12,3	;volatile
  1365     0098  289A               	goto	u41_21
  1366     0099  289B               	goto	u41_20
  1367     009A                     u41_21:
  1368     009A  28ED               	goto	i1l115
  1369     009B                     u41_20:
  1370     009B                     i1l1168:
  1371                           
  1372                           ;Ultrasonico.c: 77:         SSPCONbits.CKP = 0;
  1373     009B  1214               	bcf	20,4	;volatile
  1374                           
  1375                           ;Ultrasonico.c: 79:         if ((SSPCONbits.SSPOV) || (SSPCONbits.WCOL)){
  1376     009C  1B14               	btfsc	20,6	;volatile
  1377     009D  289F               	goto	u42_21
  1378     009E  28A0               	goto	u42_20
  1379     009F                     u42_21:
  1380     009F  28A4               	goto	i1l1172
  1381     00A0                     u42_20:
  1382     00A0                     i1l1170:
  1383     00A0  1F94               	btfss	20,7	;volatile
  1384     00A1  28A3               	goto	u43_21
  1385     00A2  28A4               	goto	u43_20
  1386     00A3                     u43_21:
  1387     00A3  28A9               	goto	i1l1180
  1388     00A4                     u43_20:
  1389     00A4                     i1l1172:
  1390                           
  1391                           ;Ultrasonico.c: 80:             z = SSPBUF;
  1392     00A4  0813               	movf	19,w	;volatile
  1393     00A5  00FA               	movwf	_z
  1394     00A6                     i1l1174:
  1395                           
  1396                           ;Ultrasonico.c: 81:             SSPCONbits.SSPOV = 0;
  1397     00A6  1314               	bcf	20,6	;volatile
  1398     00A7                     i1l1176:
  1399                           
  1400                           ;Ultrasonico.c: 82:             SSPCONbits.WCOL = 0;
  1401     00A7  1394               	bcf	20,7	;volatile
  1402     00A8                     i1l1178:
  1403                           
  1404                           ;Ultrasonico.c: 83:             SSPCONbits.CKP = 1;
  1405     00A8  1614               	bsf	20,4	;volatile
  1406     00A9                     i1l1180:
  1407                           
  1408                           ;Ultrasonico.c: 86:         if(!SSPSTATbits.D_nA && !SSPSTATbits.R_nW) {
  1409     00A9  1683               	bsf	3,5	;RP0=1, select bank1
  1410     00AA  1303               	bcf	3,6	;RP1=0, select bank1
  1411     00AB  1A94               	btfsc	20,5	;volatile
  1412     00AC  28AE               	goto	u44_21
  1413     00AD  28AF               	goto	u44_20
  1414     00AE                     u44_21:
  1415     00AE  28CB               	goto	i1l106
  1416     00AF                     u44_20:
  1417     00AF                     i1l1182:
  1418     00AF  1914               	btfsc	20,2	;volatile
  1419     00B0  28B2               	goto	u45_21
  1420     00B1  28B3               	goto	u45_20
  1421     00B2                     u45_21:
  1422     00B2  28CB               	goto	i1l106
  1423     00B3                     u45_20:
  1424     00B3                     i1l1184:
  1425                           
  1426                           ;Ultrasonico.c: 88:             z = SSPBUF;
  1427     00B3  1283               	bcf	3,5	;RP0=0, select bank0
  1428     00B4  1303               	bcf	3,6	;RP1=0, select bank0
  1429     00B5  0813               	movf	19,w	;volatile
  1430     00B6  00FA               	movwf	_z
  1431     00B7                     i1l1186:
  1432                           
  1433                           ;Ultrasonico.c: 90:             PIR1bits.SSPIF = 0;
  1434     00B7  118C               	bcf	12,3	;volatile
  1435     00B8                     i1l1188:
  1436                           
  1437                           ;Ultrasonico.c: 91:             SSPCONbits.CKP = 1;
  1438     00B8  1614               	bsf	20,4	;volatile
  1439     00B9                     i1l107:	
  1440                           ;Ultrasonico.c: 92:             while(!SSPSTATbits.BF);
  1441                           
  1442     00B9  1683               	bsf	3,5	;RP0=1, select bank1
  1443     00BA  1303               	bcf	3,6	;RP1=0, select bank1
  1444     00BB  1C14               	btfss	20,0	;volatile
  1445     00BC  28BE               	goto	u46_21
  1446     00BD  28BF               	goto	u46_20
  1447     00BE                     u46_21:
  1448     00BE  28B9               	goto	i1l107
  1449     00BF                     u46_20:
  1450     00BF                     i1l1190:
  1451                           
  1452                           ;Ultrasonico.c: 93:             Bandera = SSPBUF;
  1453     00BF  1283               	bcf	3,5	;RP0=0, select bank0
  1454     00C0  1303               	bcf	3,6	;RP1=0, select bank0
  1455     00C1  0813               	movf	19,w	;volatile
  1456     00C2  00F9               	movwf	_Bandera
  1457                           
  1458                           ;Ultrasonico.c: 94:             PORTD = Bandera;
  1459     00C3  0879               	movf	_Bandera,w
  1460     00C4  0088               	movwf	8	;volatile
  1461                           
  1462                           ;Ultrasonico.c: 95:             _delay((unsigned long)((250)*(8000000/4000000.0)));
  1463     00C5  30A6               	movlw	166
  1464     00C6  00F0               	movwf	??_isr
  1465     00C7                     u72_27:
  1466     00C7  0BF0               	decfsz	??_isr,f
  1467     00C8  28C7               	goto	u72_27
  1468     00C9  0000               	nop
  1469                           
  1470                           ;Ultrasonico.c: 97:         }else if(!SSPSTATbits.D_nA && SSPSTATbits.R_nW){
  1471     00CA  28EA               	goto	i1l110
  1472     00CB                     i1l106:
  1473     00CB  1A94               	btfsc	20,5	;volatile
  1474     00CC  28CE               	goto	u47_21
  1475     00CD  28CF               	goto	u47_20
  1476     00CE                     u47_21:
  1477     00CE  28EA               	goto	i1l110
  1478     00CF                     u47_20:
  1479     00CF                     i1l1192:
  1480     00CF  1D14               	btfss	20,2	;volatile
  1481     00D0  28D2               	goto	u48_21
  1482     00D1  28D3               	goto	u48_20
  1483     00D2                     u48_21:
  1484     00D2  28EA               	goto	i1l110
  1485     00D3                     u48_20:
  1486     00D3                     i1l1194:
  1487                           
  1488                           ;Ultrasonico.c: 98:             z = SSPBUF;
  1489     00D3  1283               	bcf	3,5	;RP0=0, select bank0
  1490     00D4  1303               	bcf	3,6	;RP1=0, select bank0
  1491     00D5  0813               	movf	19,w	;volatile
  1492     00D6  00FA               	movwf	_z
  1493     00D7                     i1l1196:
  1494                           
  1495                           ;Ultrasonico.c: 99:             BF = 0;
  1496     00D7  1683               	bsf	3,5	;RP0=1, select bank1
  1497     00D8  1303               	bcf	3,6	;RP1=0, select bank1
  1498     00D9  1014               	bcf	20,0	;volatile
  1499                           
  1500                           ;Ultrasonico.c: 100:             SSPBUF = Distancia;
  1501     00DA  1283               	bcf	3,5	;RP0=0, select bank0
  1502     00DB  1303               	bcf	3,6	;RP1=0, select bank0
  1503     00DC  083F               	movf	_Distancia,w
  1504     00DD  0093               	movwf	19	;volatile
  1505     00DE                     i1l1198:
  1506                           
  1507                           ;Ultrasonico.c: 101:             SSPCONbits.CKP = 1;
  1508     00DE  1614               	bsf	20,4	;volatile
  1509                           
  1510                           ;Ultrasonico.c: 102:             _delay((unsigned long)((250)*(8000000/4000000.0)));
  1511     00DF  30A6               	movlw	166
  1512     00E0  00F0               	movwf	??_isr
  1513     00E1                     u73_27:
  1514     00E1  0BF0               	decfsz	??_isr,f
  1515     00E2  28E1               	goto	u73_27
  1516     00E3  0000               	nop
  1517     00E4                     i1l112:	
  1518                           ;Ultrasonico.c: 103:             while(SSPSTATbits.BF);
  1519                           
  1520     00E4  1683               	bsf	3,5	;RP0=1, select bank1
  1521     00E5  1303               	bcf	3,6	;RP1=0, select bank1
  1522     00E6  1814               	btfsc	20,0	;volatile
  1523     00E7  28E9               	goto	u49_21
  1524     00E8  28EA               	goto	u49_20
  1525     00E9                     u49_21:
  1526     00E9  28E4               	goto	i1l112
  1527     00EA                     u49_20:
  1528     00EA                     i1l110:
  1529                           
  1530                           ;Ultrasonico.c: 106:         PIR1bits.SSPIF = 0;
  1531     00EA  1283               	bcf	3,5	;RP0=0, select bank0
  1532     00EB  1303               	bcf	3,6	;RP1=0, select bank0
  1533     00EC  118C               	bcf	12,3	;volatile
  1534     00ED                     i1l115:
  1535     00ED  0872               	movf	??_isr+2,w
  1536     00EE  008A               	movwf	10
  1537     00EF  0E71               	swapf	??_isr+1,w
  1538     00F0  0083               	movwf	3
  1539     00F1  0EFE               	swapf	btemp,f
  1540     00F2  0E7E               	swapf	btemp,w
  1541     00F3  0009               	retfie
  1542     00F4                     __end_of_isr:
  1543     007E                     btemp	set	126	;btemp
  1544     007E                     wtemp0	set	126
  1545                           
  1546                           	psect	intentry
  1547     0004                     __pintentry:	
  1548                           ;incstack = 0
  1549                           ; Regs used in _isr: [wreg]
  1550                           
  1551     0004                     interrupt_function:
  1552     007E                     saved_w	set	btemp
  1553     0004  00FE               	movwf	btemp
  1554     0005  0E03               	swapf	3,w
  1555     0006  00F1               	movwf	??_isr+1
  1556     0007  080A               	movf	10,w
  1557     0008  00F2               	movwf	??_isr+2
  1558     0009  120A  118A  2895   	ljmp	_isr
  1559                           
  1560                           	psect	idloc
  1561                           
  1562                           ;Config register IDLOC0 @ 0x2000
  1563                           ;	unspecified, using default values
  1564     2000                     	org	8192
  1565     2000  3FFF               	dw	16383
  1566                           
  1567                           ;Config register IDLOC1 @ 0x2001
  1568                           ;	unspecified, using default values
  1569     2001                     	org	8193
  1570     2001  3FFF               	dw	16383
  1571                           
  1572                           ;Config register IDLOC2 @ 0x2002
  1573                           ;	unspecified, using default values
  1574     2002                     	org	8194
  1575     2002  3FFF               	dw	16383
  1576                           
  1577                           ;Config register IDLOC3 @ 0x2003
  1578                           ;	unspecified, using default values
  1579     2003                     	org	8195
  1580     2003  3FFF               	dw	16383
  1581                           
  1582                           	psect	config
  1583                           
  1584                           ;Config register CONFIG1 @ 0x2007
  1585                           ;	Oscillator Selection bits
  1586                           ;	FOSC = INTRC_NOCLKOUT, INTOSCIO oscillator: I/O function on RA6/OSC2/CLKOUT pin, I/O f
      +                          unction on RA7/OSC1/CLKIN
  1587                           ;	Watchdog Timer Enable bit
  1588                           ;	WDTE = OFF, WDT disabled and can be enabled by SWDTEN bit of the WDTCON register
  1589                           ;	Power-up Timer Enable bit
  1590                           ;	PWRTE = OFF, PWRT disabled
  1591                           ;	RE3/MCLR pin function select bit
  1592                           ;	MCLRE = OFF, RE3/MCLR pin function is digital input, MCLR internally tied to VDD
  1593                           ;	Code Protection bit
  1594                           ;	CP = OFF, Program memory code protection is disabled
  1595                           ;	Data Code Protection bit
  1596                           ;	CPD = OFF, Data memory code protection is disabled
  1597                           ;	Brown Out Reset Selection bits
  1598                           ;	BOREN = OFF, BOR disabled
  1599                           ;	Internal External Switchover bit
  1600                           ;	IESO = OFF, Internal/External Switchover mode is disabled
  1601                           ;	Fail-Safe Clock Monitor Enabled bit
  1602                           ;	FCMEN = OFF, Fail-Safe Clock Monitor is disabled
  1603                           ;	Low Voltage Programming Enable bit
  1604                           ;	LVP = OFF, RB3 pin has digital I/O, HV on MCLR must be used for programming
  1605                           ;	In-Circuit Debugger Mode bit
  1606                           ;	DEBUG = 0x1, unprogramme  1607     2007                     	org	8199
  1608     2007  20D4               	dw	8404
  1609                           
  1610                           ;Config register CONFIG2 @ 0x2008
  1611                           ;	Brown-out Reset Selection bit
  1612                           ;	BOR4V = BOR40V, Brown-out Reset set to 4.0V
  1613                           ;	Flash Program Memory Self Write Enable bits
  1614                           ;	WRT = OFF, Write protection off
  1615     2008                     	org	8200
  1616     2008  3FFF               	dw	16383

Data Sizes:
    Strings     0
    Constant    0
    Data        0
    BSS         17
    Persistent  2
    Stack       0

Auto Spaces:
    Space          Size  Autos    Used
    COMMON           14      9      11
    BANK0            80     16      33
    BANK1            80      0       0
    BANK3            96      0       0
    BANK2            96      0       0

Pointer List with Targets:

    None.

Critical Paths under _main in COMMON

    _setup->_I2C_Slave_Init
    _Obtener_Distancia->___lwdiv

Critical Paths under _isr in COMMON

    None.

Critical Paths under _main in BANK0

    _main->_Obtener_Distancia
    _Obtener_Distancia->___lwdiv

Critical Paths under _isr in BANK0

    None.

Critical Paths under _main in BANK1

    None.

Critical Paths under _isr in BANK1

    None.

Critical Paths under _main in BANK3

    None.

Critical Paths under _isr in BANK3

    None.

Critical Paths under _main in BANK2

    None.

Critical Paths under _isr in BANK2

    None.

Call Graph Tables:

 ---------------------------------------------------------------------------------
 (Depth) Function   	        Calls       Base Space   Used Autos Params    Refs
 ---------------------------------------------------------------------------------
 (0) _main                                                 4     4      0     693
                                              8 COMMON     1     1      0
                                             13 BANK0      3     3      0
                  _Obtener_Distancia
                        _Timer1_Init
                              _setup
 ---------------------------------------------------------------------------------
 (1) _setup                                                0     0      0      31
                     _I2C_Slave_Init
 ---------------------------------------------------------------------------------
 (2) _I2C_Slave_Init                                       1     1      0      31
                                              3 COMMON     1     1      0
 ---------------------------------------------------------------------------------
 (1) _Timer1_Init                                          0     0      0       0
 ---------------------------------------------------------------------------------
 (1) _Obtener_Distancia                                   10     8      2     594
                                              3 BANK0     10     8      2
                            ___lwdiv
 ---------------------------------------------------------------------------------
 (2) ___lwdiv                                              8     4      4     421
                                              3 COMMON     5     1      4
                                              0 BANK0      3     3      0
 ---------------------------------------------------------------------------------
 Estimated maximum stack depth 2
 ---------------------------------------------------------------------------------
 (Depth) Function   	        Calls       Base Space   Used Autos Params    Refs
 ---------------------------------------------------------------------------------
 (3) _isr                                                  3     3      0       0
                                              0 COMMON     3     3      0
 ---------------------------------------------------------------------------------
 Estimated maximum stack depth 3
 ---------------------------------------------------------------------------------

 Call Graph Graphs:

 _main (ROOT)
   _Obtener_Distancia
     ___lwdiv
   _Timer1_Init
   _setup
     _I2C_Slave_Init

 _isr (ROOT)

 Address spaces:
Name               Size   Autos  Total    Cost      Usage
BITCOMMON            E      0       0       0        0.0%
EEDATA             100      0       0       0        0.0%
NULL                 0      0       0       0        0.0%
CODE                 0      0       0       0        0.0%
COMMON               E      9       B       1       78.6%
BITSFR0              0      0       0       1        0.0%
SFR0                 0      0       0       1        0.0%
BITSFR1              0      0       0       2        0.0%
SFR1                 0      0       0       2        0.0%
STACK                0      0       0       2        0.0%
ABS                  0      0      2C       3        0.0%
BITBANK0            50      0       0       4        0.0%
BITSFR3              0      0       0       4        0.0%
SFR3                 0      0       0       4        0.0%
BANK0               50     10      21       5       41.2%
BITSFR2              0      0       0       5        0.0%
SFR2                 0      0       0       5        0.0%
BITBANK1            50      0       0       6        0.0%
BANK1               50      0       0       7        0.0%
BITBANK3            60      0       0       8        0.0%
BANK3               60      0       0       9        0.0%
BITBANK2            60      0       0      10        0.0%
BANK2               60      0       0      11        0.0%
DATA                 0      0      2C      12        0.0%


Microchip Technology PIC Macro Assembler V2.40 build 20220703182018 
Symbol Table                                                                                   Mon Aug 28 11:19:49 2023

                         _z 007A                 _SSPSTATbits 0094                          _BF 04A0  
 __end_of_Obtener_Distancia 0140                         l120 0032                         l202 01BC  
                       l131 01A2                         l140 0106                         l142 010A  
                       l134 01C5                         l144 0139                         l137 0101  
                       l147 013F                         l139 0105                         l560 0185  
                       _GIE 005F                         u600 0181                         u601 0180  
                       u610 0105                         u611 0104                         u540 014A  
                       u620 010A                         u541 0149                         u621 0109  
                       u630 0123                         u631 0122                         u560 015C  
                       u640 0046                         u561 015B                         u641 0045  
                       u650 004B                         u555 014E                         u707 008B  
                       u651 004A                         u580 016D                         u660 0063  
                       u581 016C                         u717 00FB                         u661 0062  
                       u670 006A                         u575 015D                         u671 0069  
                       u585 0169                         u595 0175                         u687 0056  
                       u697 0078                         _isr 0095                        l1300 01BD  
                      l1310 00F4                        l1302 01C1                        l1320 011A  
                      l1312 00F7                        l1304 01C2                        l1240 01B4  
                      l1250 0144                        l1330 013B                        l1322 0123  
                      l1314 00FE                        l1306 01C4                        l1242 01B5  
                      l1234 01A4                        l1260 015C                        l1252 014A  
                      l1324 0137                        l1316 010B                        l1244 01B6  
                      l1236 01B2                        l1340 0046                        l1262 016D  
                      l1254 014D                        l1270 0181                        l1326 0137  
                      l1318 010F                        l1246 01B9                        l1238 01B3  
                      l1342 004B                        l1350 005D                        l1334 0026  
                      l1264 0173                        l1256 0154                        l1248 0140  
                      l1280 018F                        l1360 0070                        l1344 004C  
                      l1352 005E                        l1336 0028                        l1266 0174  
                      l1258 0158                        l1290 0196                        l1282 0190  
                      l1274 0186                        l1362 007F                        l1354 0063  
                      l1346 004D                        l1338 003D                        l1268 017B  
                      l1292 0197                        l1284 0191                        l1276 018A  
                      l1364 0082                        l1356 006A                        l1348 004E  
                      l1294 019B                        l1286 0194                        l1278 018E  
                      l1358 006C                        l1366 0083                        l1296 019C  
                      l1288 0195                        ?_isr 0070                        _PEIE 005E  
                      _TMR1 000E  Obtener_Distancia@Distancia 0029                        _main 0026  
                      btemp 007E                        start 000C                       ??_isr 0070  
                     ?_main 0070                       _ANSEL 0188             __end_of___lwdiv 0186  
                     i1l110 00EA                       i1l112 00E4                       i1l106 00CB  
                     i1l107 00B9                       i1l115 00ED                       u41_20 009B  
                     u41_21 009A                       u42_20 00A0                       u42_21 009F  
                     u43_20 00A4                       u43_21 00A3                       _PORTA 0005  
                     _PORTB 0006                       _PORTD 0008                       _PORTE 0009  
                     u44_20 00AF                       u44_21 00AE                       u45_20 00B3  
                     u45_21 00B2                       u46_20 00BF                       u46_21 00BE  
                     u47_20 00CF                       u47_21 00CE                       u48_20 00D3  
                     u48_21 00D2                       u72_27 00C7                       u49_20 00EA  
                     u49_21 00E9                       _TRISA 0085                       _TRISB 0086  
                     _TRISD 0088                       u73_27 00E1                       _SSPIE 0463  
                     _TRISE 0089                       _SSPIF 0063                       _setup 0186  
                     pclath 000A                       status 0003                       wtemp0 007E  
           __initialization 000F                __end_of_main 0095                      ??_main 002D  
                    ?_setup 0070                      _ANSELH 0189                      i1l1170 00A0  
                    i1l1180 00A9                      i1l1172 00A4                      i1l1190 00BF  
                    i1l1182 00AF                      i1l1174 00A6                      i1l1166 0095  
                    i1l1192 00CF                      i1l1184 00B3                      i1l1176 00A7  
                    i1l1168 009B                      i1l1194 00D3                      i1l1186 00B7  
                    i1l1178 00A8                      i1l1196 00D7                      i1l1188 00B8  
                    i1l1198 00DE                      _SSPADD 0093                      _TRISC3 043B  
                    _TRISC4 043C                      _SSPBUF 0013                      _SSPCON 0014  
             ??_Timer1_Init 0073                   ??___lwdiv 0077                      main@DC 0078  
                    saved_w 007E     __end_of__initialization 0022              __pcstackCOMMON 0070  
             __end_of_setup 01A3         __end_of_Timer1_Init 01C6                     ??_setup 0074  
     I2C_Slave_Init@address 0073                  __pbssBANK0 0030                  __pmaintext 0026  
                __pintentry 0004                     _SSPCON2 0091                     _SSPSTAT 0094  
                   _Bandera 0079                 _Timer1_Init 01BD                     ___lwdiv 0140  
                   __ptext1 0186                     __ptext2 01A3                     __ptext3 01BD  
                   __ptext4 00F4                     __ptext5 0140                     __ptext6 0095  
                 _T1CONbits 0010        end_of_initialization 0022              _I2C_Slave_Init 01A3  
                 _PORTAbits 0005                   _PORTBbits 0006                   _PORTEbits 0009  
                 _TRISCbits 0087      __end_of_I2C_Slave_Init 01BD   Obtener_Distancia@Duracion 002B  
                 _Distancia 003F         start_initialization 000F                 __end_of_isr 00F4  
           ?_I2C_Slave_Init 0070                 __pbssCOMMON 0079                   ___latbits 0002  
             __pcstackBANK0 0020                   __pnvBANK0 003F                ?_Timer1_Init 0070  
          ___lwdiv@dividend 0075                    ?___lwdiv 0073            ___lwdiv@quotient 0021  
         interrupt_function 0004                    _PIR1bits 000C             ___lwdiv@divisor 0073  
           ___lwdiv@counter 0020            ??_I2C_Slave_Init 0073                  _LCD_Buffer 0030  
                  intlevel1 0000                  _OSCCONbits 008F           _Obtener_Distancia 00F4  
        ?_Obtener_Distancia 0023                 _SSPCON2bits 0091         ??_Obtener_Distancia 0025  
  Obtener_Distancia@Timer_1 0027                  _SSPCONbits 0014  
